2023-12-04 09:38:10.188 - DBeaver 23.2.2.202310081633 is starting
2023-12-04 09:38:10.189 - OS: Windows 11 10.0 (amd64)
2023-12-04 09:38:10.189 - Java version: 17.0.6 by Eclipse Adoptium (64bit)
2023-12-04 09:38:10.190 - Install path: 'C:\Program Files\DBeaver'
2023-12-04 09:38:10.190 - Instance path: 'file:/E:/sql_workspace/'
2023-12-04 09:38:10.190 - Memory available 64Mb/1024Mb
2023-12-04 09:38:10.202 - Create display
2023-12-04 09:38:10.409 - Initializing DBeaver 23.2.2
2023-12-04 09:38:10.410 - Host plugin: org.jkiss.dbeaver.ui.app.standalone 23.2.2.202310081633
2023-12-04 09:38:10.411 - Initialize desktop platform...
2023-12-04 09:38:10.641 - BounceCastle bundle found. Use JCE provider BC
> Start Core File Systems [org.eclipse.core.filesystem 1.10.0.v20230425-0513]
> Start Core Resource Management [org.eclipse.core.resources 3.19.0.v20230510-1240]
> Start 팀 지원 핵심 [org.eclipse.team.core 3.10.0.v20230317-0901]
> Start DBeaver UI Navigator [org.jkiss.dbeaver.ui.navigator 1.0.116.202310081633]
2023-12-04 09:38:11.004 - Initialize base platform...
2023-12-04 09:38:11.032 - Platform initialized (621ms)
> Start DBeaver UI Editors - Base [org.jkiss.dbeaver.ui.editors.base 1.0.116.202310081633]
2023-12-04 09:38:11.107 - Starting instance server at http://localhost:64035
2023-12-04 09:38:11.117 - Run workbench
> Start DBeaver UI [org.jkiss.dbeaver.ui 5.1.131.202310081633]
> Start Eclipse e4 작업영역 SWT [org.eclipse.e4.ui.workbench.swt 0.17.0.v20230501-1823]
> Start Eclipse Application Services [org.eclipse.e4.core.services 2.4.0.v20230429-1914]
> Start Eclipse UI Application Services [org.eclipse.e4.ui.services 1.6.0.v20230501-1823]
> Start Eclipse e4 Progress View [org.eclipse.e4.ui.progress 0.4.0.v20230501-1823]
> Start Eclipse Bindings Support [org.eclipse.e4.ui.bindings 0.14.0.v20230501-1823]
> Start Eclipse e4 core commands [org.eclipse.e4.core.commands 1.1.0.v20230501-1823]
> Start EMF XML/XMI Persistence [org.eclipse.emf.ecore.xmi 2.18.0.v20230211-1150]
> Start Eclipse CSS SWT Theme Support [org.eclipse.e4.ui.css.swt.theme 0.14.0.v20230501-1533]
> Start Eclipse e4 작업영역 기능 추가 [org.eclipse.e4.ui.workbench.addons.swt 1.5.0.v20230501-1823]
> Start Eclipse e4 작업영역 SWT 렌더러 [org.eclipse.e4.ui.workbench.renderers.swt 0.16.0.v20230525-0648]
> Start Eclipse Dependency Injection Extensions [org.eclipse.e4.core.di.extensions 0.18.0.v20230429-1914]
> Start Eclipse CSS SWT Support [org.eclipse.e4.ui.css.swt 0.15.0.v20230317-0802]
Warning: NLS unused message: BlockedJobsDialog_UserInterfaceTreeElement in: org.eclipse.ui.internal.progress.messages
2023-12-04 09:38:13.428 - Configure workbench window
> Start DBeaver SQL Model [org.jkiss.dbeaver.model.sql 1.0.106.202310081633]
2023-12-04 09:38:13.604 - Total database drivers: 108 (108)
> Start 도움말 시스템 코어 [org.eclipse.help 3.10.0.v20230317-0802]
2023-12-04 09:38:13.689 - Create actions
2023-12-04 09:38:13.696 - Disable Eclipse action set 'org.eclipse.ui.edit.text.actionSet.annotationNavigation'
2023-12-04 09:38:13.696 - Disable Eclipse action set 'org.eclipse.ui.WorkingSetActionSet'
2023-12-04 09:38:13.697 - Disable Eclipse action set 'org.eclipse.ui.actionSet.openFiles'
2023-12-04 09:38:14.312 - Initialize workbench window
2023-12-04 09:38:14.319 - Finish initialization
> Start 기본 문서 편집기 [org.eclipse.ui.editors 3.16.0.v20230329-1609]
> Start 텍스트 편집기 프레임워크 [org.eclipse.ui.workbench.texteditor 3.17.0.v20230316-1200]
Warning: NLS missing message: pref_page_content_editor_group_representation_content in: org.jkiss.dbeaver.ui.controls.resultset.internal.ResultSetMessages
> Start DBeaver UI Editors - Data [org.jkiss.dbeaver.ui.editors.data 1.0.116.202310081633]
> Start jna [com.sun.jna 5.13.0]
> Start 인터넷 연결 관리 사용자 인터페이스 [org.eclipse.ui.net 1.5.0.v20230317-0901]
> Start Internet Connection Management [org.eclipse.core.net 1.5.0.v20230317-0901]
Warning: NLS unused message: actions_navigator__objects in: org.jkiss.dbeaver.ui.editors.sql.internal.SQLEditorMessages
> Start DBeaver UI Editors - SQL [org.jkiss.dbeaver.ui.editors.sql 1.0.116.202310081633]
> Start DBeaver Sample Database [org.jkiss.dbeaver.ext.sample.database 1.0.153.202310081633]
> Start DBeaver Tip of the day [org.jkiss.dbeaver.ext.ui.tipoftheday 1.0.122.202310081633]
> Start GEF Classic Draw2d [org.eclipse.draw2d 3.13.0.202306071707]
> Start GEF Classic GEF (MVC) [org.eclipse.gef 3.14.0.202306071707]
> Start DBeaver ERD UI [org.jkiss.dbeaver.erd.ui 3.0.76.202310081633]
> Start DBeaver ERD Model [org.jkiss.dbeaver.erd.model 1.0.76.202310081633]
2023-12-04 09:38:16.314 - Connect with 'localhost' (mysql8-18b26d66b37-49f851385ee7b8c6)
> Start DBeaver JDBC Model [org.jkiss.dbeaver.model.jdbc 1.0.9.202310081633]
> Start DBeaver MySQL Support [org.jkiss.dbeaver.ext.mysql 2.1.201.202310081633]
2023-12-04 09:38:16.469 - Execution context opened (localhost; Main; 0)
> Start DBeaver GIS Support [org.jkiss.dbeaver.data.gis 1.0.140.202310081633]
2023-12-04 09:38:16.932 - Execution context opened (localhost; Metadata; 1)
2023-12-04 09:38:17.162 - Connected (mysql8-18b26d66b37-49f851385ee7b8c6, MySQL Connector/J [mysql-connector-java-8.0.29 (Revision: dd61577595edad45c398af508cf91ad26fc4144f)])
2023-12-04 09:38:18.814 - Open [https://dbeaver.io/product/version.xml]
> Start Data Transfer UI [org.jkiss.dbeaver.data.transfer.ui 1.0.100.202310081633]
> Start DBeaver Data Transfer [org.jkiss.dbeaver.data.transfer 2.0.100.202310081633]
> Start DBeaver Tasks - General UI [org.jkiss.dbeaver.tasks.ui 1.0.94.202310081633]
> Start DBeaver UI Editors - Connections [org.jkiss.dbeaver.ui.editors.connection 1.0.107.202310081633]
2023-12-04 09:39:27.148 - Execution context opened (localhost; Data transfer producer; 2)
2023-12-04 09:39:27.222 - Execution context closed (localhost, 2)
> Start DBeaver Tasks - Native Tools [org.jkiss.dbeaver.tasks.native 1.0.94.202310081633]
2023-12-04 11:50:08.409 - DBeaver is stopping
2023-12-04 11:50:08.414 - Stop instance server
2023-12-04 11:50:09.414 - DBeaver shutdown completed
